{"C:\\Users\\kmely.wang\\OneDrive - Wabtec Corporation\\Documents\\LEAD\\PSU Capstone\\SmartWait\\js_tut\\jest\\getting_started\\sum.js": {"path":"C:\\Users\\kmely.wang\\OneDrive - Wabtec Corporation\\Documents\\LEAD\\PSU Capstone\\SmartWait\\js_tut\\jest\\getting_started\\sum.js","statementMap":{"0":{"start":{"line":2,"column":4},"end":{"line":2,"column":17}},"1":{"start":{"line":5,"column":0},"end":{"line":5,"column":21}}},"fnMap":{"0":{"name":"sum","decl":{"start":{"line":1,"column":9},"end":{"line":1,"column":12}},"loc":{"start":{"line":1,"column":19},"end":{"line":3,"column":3}},"line":1}},"branchMap":{},"s":{"0":1,"1":1},"f":{"0":1},"b":{},"_coverageSchema":"1a1c01bbd47fc00a2c39e90264f33305004495a9","hash":"d100fbe94f4a8037c0afea668b09f0898728b50d"}
}
